2024-01-10 17:22:10,919 INFO Start program warehouse_manager.py
2024-01-10 17:22:14,007 INFO User input string: show
2024-01-10 17:22:14,008 INFO User decision show
2024-01-10 17:22:17,367 INFO User input string: sell
2024-01-10 17:22:17,367 INFO User decision sell
2024-01-10 17:22:19,689 INFO User input string: apple
2024-01-10 17:22:21,611 INFO User input string: 23
2024-01-10 17:22:21,611 INFO Item to sell: apple quantity 23
2024-01-10 17:22:21,612 INFO Item sold
2024-01-10 17:22:26,987 INFO User input string: show
2024-01-10 17:22:26,987 INFO User decision show
2024-01-10 17:22:30,606 INFO User input string: ap
2024-01-10 17:22:30,606 INFO User decision ap
2024-01-10 17:22:33,194 INFO User input string: sell
2024-01-10 17:22:33,194 INFO User decision sell
2024-01-10 17:22:34,471 INFO User input string: we
2024-01-10 17:22:36,544 INFO User input string: 33
2024-01-10 17:22:36,544 INFO Item to sell: we quantity 33
2024-01-10 17:22:36,544 INFO we not found in warehouse
2024-01-10 17:22:36,545 INFO we not found in warehouse
2024-01-10 17:22:36,545 INFO we not found in warehouse
2024-01-10 17:22:36,545 INFO we not found in warehouse
2024-01-10 17:22:40,790 INFO User input string: sell
2024-01-10 17:22:40,790 INFO User decision sell
2024-01-10 17:22:43,790 INFO User input string: apple
2024-01-10 17:22:45,248 INFO User input string: 200
2024-01-10 17:22:45,248 INFO Item to sell: apple quantity 200
2024-01-10 17:22:45,248 INFO We dont have 200 of apple
2024-01-10 17:22:51,644 INFO User input string: exit
2024-01-10 17:22:51,644 INFO User decision exit
2024-01-10 17:22:51,644 INFO Exit program warehouse_manager.py
2024-01-10 17:36:11,182 INFO Start program warehouse_manager.py
2024-01-10 17:36:12,518 INFO User input string: asd
2024-01-10 17:36:12,518 INFO User decision asd
2024-01-10 17:36:13,633 INFO User input string: asd
2024-01-10 17:36:13,634 INFO User decision asd
2024-01-10 17:36:17,143 INFO User input string: show
2024-01-10 17:36:17,144 INFO User decision show
2024-01-10 17:36:22,044 INFO User input string: sell
2024-01-10 17:36:22,044 INFO User decision sell
2024-01-10 17:36:26,846 INFO User input string: apple 103
2024-01-10 17:36:32,578 INFO User input string: dsa
2024-01-10 17:36:36,668 INFO Start program warehouse_manager.py
2024-01-10 17:36:38,880 INFO User input string: sell
2024-01-10 17:36:38,880 INFO User decision sell
2024-01-10 17:36:40,933 INFO User input string: apple
2024-01-10 17:36:43,197 INFO User input string: 103
2024-01-10 17:36:43,197 INFO Item to sell: apple quantity 103
2024-01-10 17:36:43,197 INFO Item sold
2024-01-10 17:36:48,629 INFO User input string: sell
2024-01-10 17:36:48,629 INFO User decision sell
2024-01-10 17:36:50,866 INFO User input string: kiwi
2024-01-10 17:36:52,105 INFO User input string: 2
2024-01-10 17:36:52,105 INFO Item to sell: kiwi quantity 2
2024-01-10 17:36:52,106 INFO kiwi not found in warehouse
2024-01-10 17:36:52,106 INFO kiwi not found in warehouse
2024-01-10 17:36:52,106 INFO kiwi not found in warehouse
2024-01-10 17:36:52,106 INFO Item sold
2024-01-10 17:36:56,721 INFO User input string: show
2024-01-10 17:36:56,721 INFO User decision show
2024-01-10 17:37:00,856 INFO User input string: revenue
2024-01-10 17:37:00,856 INFO User decision revenue
2024-01-10 17:38:18,306 INFO Start program warehouse_manager.py
2024-01-10 17:38:20,997 INFO Start program warehouse_manager.py
2024-01-10 17:38:22,794 INFO User input string: sell
2024-01-10 17:38:22,794 INFO User decision sell
2024-01-10 17:38:24,847 INFO User input string: apple
2024-01-10 17:38:26,298 INFO User input string: 103
2024-01-10 17:38:26,299 INFO Item to sell: apple quantity 103
2024-01-10 17:38:26,299 INFO Item sold
2024-01-10 17:38:28,384 INFO User input string: sell
2024-01-10 17:38:28,384 INFO User decision sell
2024-01-10 17:38:30,750 INFO User input string: kiwi
2024-01-10 17:38:31,487 INFO User input string: 2
2024-01-10 17:38:31,488 INFO Item to sell: kiwi quantity 2
2024-01-10 17:38:31,488 INFO kiwi not found in warehouse
2024-01-10 17:38:31,488 INFO kiwi not found in warehouse
2024-01-10 17:38:31,488 INFO kiwi not found in warehouse
2024-01-10 17:38:31,488 INFO Item sold
2024-01-10 17:38:34,922 INFO User input string: show
2024-01-10 17:38:34,922 INFO User decision show
2024-01-10 17:38:38,564 INFO User input string: revenue
2024-01-10 17:38:38,564 INFO User decision revenue
2024-01-10 17:38:52,002 INFO User input string: exit
2024-01-10 17:38:52,002 INFO User decision exit
2024-01-10 17:38:52,002 INFO Exit program warehouse_manager.py
2024-01-10 17:52:23,262 INFO Start program warehouse_manager.py
2024-01-10 17:52:25,708 INFO User input string: sell
2024-01-10 17:52:25,708 INFO User decision sell
2024-01-10 17:52:27,839 INFO User input string: apple
2024-01-10 17:52:30,032 INFO User input string: 123
2024-01-10 17:52:30,032 INFO Item to sell: apple quantity 123
2024-01-10 17:52:30,035 INFO Item sold
2024-01-10 17:52:34,933 INFO User input string: show
2024-01-10 17:52:34,933 INFO User decision show
2024-01-10 17:52:41,147 INFO User input string: sell
2024-01-10 17:52:41,147 INFO User decision sell
2024-01-10 17:52:42,999 INFO User input string: tomato
2024-01-10 17:52:45,751 INFO User input string: 56
2024-01-10 17:52:45,751 INFO Item to sell: tomato quantity 56
2024-01-10 17:52:45,752 INFO tomato not found in warehouse
2024-01-10 17:52:45,752 INFO Item sold
2024-01-10 17:52:56,542 INFO User input string: show
2024-01-10 17:52:56,542 INFO User decision show
2024-01-10 17:53:03,030 INFO User input string: revenue
2024-01-10 17:53:03,031 INFO User decision revenue
2024-01-10 17:53:31,824 INFO Start program warehouse_manager.py
2024-01-10 17:53:34,768 INFO User input string: sell
2024-01-10 17:53:34,769 INFO User decision sell
2024-01-10 17:53:36,296 INFO User input string: apple
2024-01-10 17:53:38,097 INFO User input string: 123
2024-01-10 17:53:38,097 INFO Item to sell: apple quantity 123
2024-01-10 17:53:38,097 INFO Item sold
2024-01-10 17:53:42,006 INFO User input string: show
2024-01-10 17:53:42,006 INFO User decision show
2024-01-10 17:53:44,826 INFO User input string: sell
2024-01-10 17:53:44,827 INFO User decision sell
2024-01-10 17:53:52,173 INFO User input string: orange
2024-01-10 17:53:53,355 INFO User input string: 28
2024-01-10 17:53:53,355 INFO Item to sell: orange quantity 28
2024-01-10 17:53:53,355 INFO orange not found in warehouse
2024-01-10 17:53:53,355 INFO orange not found in warehouse
2024-01-10 17:53:53,355 INFO orange not found in warehouse
2024-01-10 17:53:53,355 INFO orange not found in warehouse
2024-01-10 17:54:01,004 INFO User input string: show
2024-01-10 17:54:01,004 INFO User decision show
2024-01-10 17:54:07,148 INFO User input string: sell
2024-01-10 17:54:07,148 INFO User decision sell
2024-01-10 17:54:11,182 INFO User input string: oragne
2024-01-10 17:54:11,861 INFO User input string: 28
2024-01-10 17:54:11,861 INFO Item to sell: oragne quantity 28
2024-01-10 17:54:11,861 INFO oragne not found in warehouse
2024-01-10 17:54:11,861 INFO oragne not found in warehouse
2024-01-10 17:54:11,862 INFO Item sold
2024-01-10 17:54:16,508 INFO User input string: revenue
2024-01-10 17:54:16,508 INFO User decision revenue
2024-01-10 17:54:53,625 INFO Start program warehouse_manager.py
2024-01-10 17:54:55,540 INFO User input string: sell
2024-01-10 17:54:55,540 INFO User decision sell
2024-01-10 17:54:59,137 INFO User input string: oragne
2024-01-10 17:55:01,380 INFO User input string: 28
2024-01-10 17:55:01,380 INFO Item to sell: oragne quantity 28
2024-01-10 17:55:01,380 INFO oragne not found in warehouse
2024-01-10 17:55:01,380 INFO oragne not found in warehouse
2024-01-10 17:55:01,380 INFO Item sold
2024-01-10 17:55:05,239 INFO User input string: sell
2024-01-10 17:55:05,240 INFO User decision sell
2024-01-10 17:55:07,671 INFO User input string: apple
2024-01-10 17:55:08,700 INFO User input string: 123
2024-01-10 17:55:08,700 INFO Item to sell: apple quantity 123
2024-01-10 17:55:08,700 INFO Item sold
2024-01-10 17:55:11,546 INFO User input string: revenue
2024-01-10 17:55:11,546 INFO User decision revenue
2024-01-10 17:58:20,335 INFO Start program warehouse_manager.py
2024-01-10 17:58:22,749 INFO User input string: show
2024-01-10 17:58:22,750 INFO User decision show
2024-01-10 18:06:24,293 INFO Start program warehouse_manager.py
2024-01-10 18:06:26,595 INFO User input string: save
2024-01-10 18:06:26,596 INFO User decision save
2024-01-10 18:06:26,596 INFO Saved do warehouse.csv
2024-01-10 18:06:46,887 INFO User input string: add
2024-01-10 18:06:46,887 INFO User decision add
2024-01-10 18:06:49,119 INFO User input string: ooo
2024-01-10 18:06:49,960 INFO User input string: 21321
2024-01-10 18:06:52,380 INFO User input string: r
2024-01-10 18:06:53,433 INFO User input string: 123
2024-01-10 18:06:53,433 INFO New item to add: {'name': 'ooo', 'quantity': '21321', 'unit': 'r', 'unit_price': '123'}
2024-01-10 18:06:53,433 INFO New item added
2024-01-10 18:06:55,288 INFO User input string: save
2024-01-10 18:06:55,289 INFO User decision save
2024-01-10 18:06:55,289 INFO Saved do warehouse.csv
2024-01-10 18:09:53,198 INFO Start program warehouse_manager.py
2024-01-10 18:09:56,183 INFO User input string: show
2024-01-10 18:09:56,183 INFO User decision show
2024-01-10 18:10:02,253 INFO User input string: sell
2024-01-10 18:10:02,254 INFO User decision sell
2024-01-10 18:10:04,211 INFO User input string: apple
2024-01-10 18:10:05,997 INFO User input string: 120
2024-01-10 18:10:05,997 INFO Item to sell: apple quantity 120
2024-01-10 18:10:05,997 INFO Item sold
2024-01-10 18:10:08,059 INFO User input string: sell
2024-01-10 18:10:08,059 INFO User decision sell
2024-01-10 18:10:12,230 INFO User input string: oragne
2024-01-10 18:10:13,260 INFO User input string: 28
2024-01-10 18:10:13,261 INFO Item to sell: oragne quantity 28
2024-01-10 18:10:13,261 INFO oragne not found in warehouse
2024-01-10 18:10:13,261 INFO oragne not found in warehouse
2024-01-10 18:10:13,261 INFO Item sold
2024-01-10 18:10:15,810 INFO User input string: sell
2024-01-10 18:10:15,810 INFO User decision sell
2024-01-10 18:10:19,177 INFO User input string: kiwi
2024-01-10 18:10:19,675 INFO User input string: 2
2024-01-10 18:10:19,675 INFO Item to sell: kiwi quantity 2
2024-01-10 18:10:19,675 INFO kiwi not found in warehouse
2024-01-10 18:10:19,675 INFO kiwi not found in warehouse
2024-01-10 18:10:19,675 INFO kiwi not found in warehouse
2024-01-10 18:10:19,676 INFO Item sold
2024-01-10 18:10:21,014 INFO User input string: add
2024-01-10 18:10:21,015 INFO User decision add
2024-01-10 18:10:24,934 INFO User input string: batat
2024-01-10 18:10:34,004 INFO User input string: 22
2024-01-10 18:10:37,209 INFO User input string: pcs
2024-01-10 18:10:39,419 INFO User input string: 10
2024-01-10 18:10:39,419 INFO New item to add: {'name': 'batat', 'quantity': '22', 'unit': 'pcs', 'unit_price': '10'}
2024-01-10 18:10:39,419 INFO New item added
2024-01-10 18:10:41,570 INFO User input string: show
2024-01-10 18:10:41,570 INFO User decision show
2024-01-10 18:10:45,262 INFO User input string: revenue
2024-01-10 18:10:45,262 INFO User decision revenue
2024-01-10 18:11:58,914 INFO Start program warehouse_manager.py
2024-01-10 18:12:04,652 INFO User input string: sell
2024-01-10 18:12:04,653 INFO User decision sell
2024-01-10 18:12:06,387 INFO User input string: apple
2024-01-10 18:12:07,560 INFO User input string: 120
2024-01-10 18:12:07,560 INFO Item to sell: apple quantity 120
2024-01-10 18:12:07,560 INFO Item sold
2024-01-10 18:12:09,543 INFO User input string: sell
2024-01-10 18:12:09,543 INFO User decision sell
2024-01-10 18:12:11,591 INFO User input string: kiwi
2024-01-10 18:12:12,009 INFO User input string: 2
2024-01-10 18:12:12,010 INFO Item to sell: kiwi quantity 2
2024-01-10 18:12:12,010 INFO kiwi not found in warehouse
2024-01-10 18:12:12,010 INFO kiwi not found in warehouse
2024-01-10 18:12:12,010 INFO kiwi not found in warehouse
2024-01-10 18:12:12,010 INFO Item sold
2024-01-10 18:12:14,208 INFO User input string: sell
2024-01-10 18:12:14,209 INFO User decision sell
2024-01-10 18:12:19,297 INFO User input string: oragne
2024-01-10 18:12:20,096 INFO User input string: 20
2024-01-10 18:12:20,097 INFO Item to sell: oragne quantity 20
2024-01-10 18:12:20,097 INFO oragne not found in warehouse
2024-01-10 18:12:20,097 INFO oragne not found in warehouse
2024-01-10 18:12:20,097 INFO Item sold
2024-01-10 18:12:23,182 INFO User input string: revenue
2024-01-10 18:12:23,183 INFO User decision revenue
2024-01-10 18:12:33,006 INFO User input string: add
2024-01-10 18:12:33,006 INFO User decision add
2024-01-10 18:12:35,897 INFO User input string: batat
2024-01-10 18:12:37,683 INFO User input string: 223
2024-01-10 18:12:42,291 INFO User input string: pcs
2024-01-10 18:12:45,396 INFO User input string: 2
2024-01-10 18:12:45,396 INFO New item to add: {'name': 'batat', 'quantity': 223, 'unit': 'pcs', 'unit_price': 2}
2024-01-10 18:12:45,396 INFO New item added
2024-01-10 18:12:47,961 INFO User input string: show
2024-01-10 18:12:47,962 INFO User decision show
2024-01-10 18:12:53,518 INFO User input string: revenue
2024-01-10 18:12:53,518 INFO User decision revenue
2024-01-10 18:12:59,648 INFO User input string: save
2024-01-10 18:12:59,648 INFO User decision save
2024-01-10 18:12:59,648 INFO Saved sold.csv and warehouse.csv
2024-01-10 18:12:59,651 INFO Saved sold.csv and warehouse.csv
2024-01-10 18:13:26,569 INFO User input string: save
2024-01-10 18:13:26,569 INFO User decision save
2024-01-10 18:13:26,569 INFO Saved sold.csv and warehouse.csv
2024-01-10 18:13:26,572 INFO Saved sold.csv and warehouse.csv
2024-01-10 18:14:19,541 INFO User input string: save
2024-01-10 18:14:19,541 INFO User decision save
2024-01-10 18:14:19,541 INFO Saved sold.csv and warehouse.csv
2024-01-10 18:14:19,544 INFO Saved sold.csv and warehouse.csv
2024-01-10 18:14:25,604 INFO Start program warehouse_manager.py
2024-01-10 18:14:27,754 INFO User input string: add
2024-01-10 18:14:27,755 INFO User decision add
2024-01-10 18:14:29,577 INFO User input string: batat
2024-01-10 18:14:30,700 INFO User input string: 234
2024-01-10 18:14:32,551 INFO User input string: pcs
2024-01-10 18:14:39,445 INFO User input string: 3
2024-01-10 18:14:39,445 INFO New item to add: {'name': 'batat', 'quantity': 234, 'unit': 'pcs', 'unit_price': 3}
2024-01-10 18:14:39,445 INFO New item added
2024-01-10 18:14:41,669 INFO User input string: add
2024-01-10 18:14:41,669 INFO User decision add
2024-01-10 18:14:44,089 INFO User input string: mango
2024-01-10 18:14:45,997 INFO User input string: 34
2024-01-10 18:14:48,168 INFO User input string: kg
2024-01-10 18:14:51,298 INFO User input string: 4
2024-01-10 18:14:51,298 INFO New item to add: {'name': 'mango', 'quantity': 34, 'unit': 'kg', 'unit_price': 4}
2024-01-10 18:14:51,298 INFO New item added
2024-01-10 18:14:52,899 INFO User input string: show
2024-01-10 18:14:52,899 INFO User decision show
2024-01-10 18:14:58,240 INFO User input string: sell
2024-01-10 18:14:58,240 INFO User decision sell
2024-01-10 18:15:00,604 INFO User input string: batat
2024-01-10 18:15:01,616 INFO User input string: 200
2024-01-10 18:15:01,617 INFO Item to sell: batat quantity 200
2024-01-10 18:15:01,617 INFO batat not found in warehouse
2024-01-10 18:15:01,617 INFO batat not found in warehouse
2024-01-10 18:15:01,617 INFO batat not found in warehouse
2024-01-10 18:15:01,617 INFO batat not found in warehouse
2024-01-10 18:15:01,617 INFO Item sold
2024-01-10 18:15:05,241 INFO User input string: sell
2024-01-10 18:15:05,242 INFO User decision sell
2024-01-10 18:15:07,813 INFO User input string: apple 123
2024-01-10 18:15:11,417 INFO User input string: 123
2024-01-10 18:15:11,417 INFO Item to sell: apple 123 quantity 123
2024-01-10 18:15:11,417 INFO apple 123 not found in warehouse
2024-01-10 18:15:11,417 INFO apple 123 not found in warehouse
2024-01-10 18:15:11,417 INFO apple 123 not found in warehouse
2024-01-10 18:15:11,417 INFO apple 123 not found in warehouse
2024-01-10 18:15:11,417 INFO apple 123 not found in warehouse
2024-01-10 18:15:11,417 INFO apple 123 not found in warehouse
2024-01-10 18:15:13,998 INFO User input string: sell
2024-01-10 18:15:13,998 INFO User decision sell
2024-01-10 18:15:17,781 INFO User input string: apple
2024-01-10 18:15:18,778 INFO User input string: 123
2024-01-10 18:15:18,778 INFO Item to sell: apple quantity 123
2024-01-10 18:15:18,778 INFO Item sold
2024-01-10 18:15:21,049 INFO User input string: sell
2024-01-10 18:15:21,049 INFO User decision sell
2024-01-10 18:15:25,111 INFO User input string: oragne
2024-01-10 18:15:25,918 INFO User input string: 20
2024-01-10 18:15:25,919 INFO Item to sell: oragne quantity 20
2024-01-10 18:15:25,921 INFO oragne not found in warehouse
2024-01-10 18:15:25,921 INFO oragne not found in warehouse
2024-01-10 18:15:25,921 INFO Item sold
2024-01-10 18:15:27,981 INFO User input string: show
2024-01-10 18:15:27,981 INFO User decision show
2024-01-10 18:15:32,461 INFO User input string: sell
2024-01-10 18:15:32,461 INFO User decision sell
2024-01-10 18:15:36,500 INFO User input string: mango
2024-01-10 18:15:37,005 INFO User input string: 34
2024-01-10 18:15:37,005 INFO Item to sell: mango quantity 34
2024-01-10 18:15:37,006 INFO mango not found in warehouse
2024-01-10 18:15:37,006 INFO mango not found in warehouse
2024-01-10 18:15:37,006 INFO mango not found in warehouse
2024-01-10 18:15:37,006 INFO mango not found in warehouse
2024-01-10 18:15:37,006 INFO mango not found in warehouse
2024-01-10 18:15:37,006 INFO Item sold
2024-01-10 18:15:38,861 INFO User input string: save
2024-01-10 18:15:38,861 INFO User decision save
2024-01-10 18:15:38,861 INFO Saved warehouse.csv
2024-01-10 18:15:38,862 INFO Saved sold.csv
2024-01-10 18:15:41,913 INFO User input string: exit
2024-01-10 18:15:41,913 INFO User decision exit
2024-01-10 18:15:41,914 INFO Exit program warehouse_manager.py
2024-01-10 18:15:41,914 INFO Saved warehouse.csv
2024-01-10 18:15:41,914 INFO Saved sold.csv
2024-01-10 18:23:29,771 INFO Start program warehouse_manager.py
2024-01-10 18:23:29,772 INFO Loaded warehouse.csv
2024-01-10 18:23:29,772 INFO Loaded sold.csv
2024-01-10 18:23:33,492 INFO User input string: show
2024-01-10 18:23:33,492 INFO User decision show
2024-01-10 18:23:38,451 INFO User input string: load
2024-01-10 18:23:38,451 INFO User decision load
2024-01-10 18:23:38,451 INFO Loaded warehouse.csv
2024-01-10 18:23:38,451 INFO Loaded sold.csv
2024-01-10 18:23:40,738 INFO User input string: save
2024-01-10 18:23:40,738 INFO User decision save
2024-01-10 18:23:40,738 INFO Saved warehouse.csv
2024-01-10 18:23:40,739 INFO Saved sold.csv
2024-01-10 18:23:44,590 INFO User input string: add
2024-01-10 18:23:44,590 INFO User decision add
2024-01-10 18:23:49,124 INFO User input string: grape
2024-01-10 18:23:51,653 INFO User input string: 102
2024-01-10 18:23:53,377 INFO User input string: kg
2024-01-10 18:23:55,793 INFO User input string: 4.5
2024-01-10 18:23:59,899 INFO Start program warehouse_manager.py
2024-01-10 18:23:59,899 INFO Loaded warehouse.csv
2024-01-10 18:23:59,899 INFO Loaded sold.csv
2024-01-10 18:24:01,329 INFO User input string: add
2024-01-10 18:24:01,329 INFO User decision add
2024-01-10 18:24:04,618 INFO User input string: grape
2024-01-10 18:24:06,310 INFO User input string: 102
2024-01-10 18:24:09,247 INFO User input string: kg
2024-01-10 18:24:10,328 INFO User input string: 7
2024-01-10 18:24:10,328 INFO New item to add: {'name': 'grape', 'quantity': 102, 'unit': 'kg', 'unit_price': 7}
2024-01-10 18:24:10,328 INFO New item added
2024-01-10 18:24:13,539 INFO User input string: save
2024-01-10 18:24:13,539 INFO User decision save
2024-01-10 18:24:13,540 INFO Saved warehouse.csv
2024-01-10 18:24:13,540 INFO Saved sold.csv
2024-01-10 18:24:15,906 INFO User input string: exit
2024-01-10 18:24:15,906 INFO User decision exit
2024-01-10 18:24:15,906 INFO Exit program warehouse_manager.py
2024-01-10 18:24:15,907 INFO Saved warehouse.csv
2024-01-10 18:24:15,907 INFO Saved sold.csv
2024-01-10 18:24:17,580 INFO Start program warehouse_manager.py
2024-01-10 18:24:17,580 INFO Loaded warehouse.csv
2024-01-10 18:24:17,581 INFO Loaded sold.csv
2024-01-10 18:24:19,780 INFO User input string: show
2024-01-10 18:24:19,780 INFO User decision show
2024-01-10 18:24:28,254 INFO Start program warehouse_manager.py
2024-01-10 18:24:28,254 INFO Loaded warehouse.csv
2024-01-10 18:24:28,255 INFO Loaded sold.csv
2024-01-10 18:24:30,951 INFO User input string: show
2024-01-10 18:24:30,951 INFO User decision show
2024-01-10 18:25:34,258 INFO Start program warehouse_manager.py
2024-01-10 18:25:34,259 INFO Loaded warehouse.csv
2024-01-10 18:25:34,262 INFO Loaded sold.csv
2024-01-10 18:25:39,067 INFO User input string: show
2024-01-10 18:25:39,067 INFO User decision show
2024-01-10 18:25:43,707 INFO User input string: save
2024-01-10 18:25:43,707 INFO User decision save
2024-01-10 18:25:43,708 INFO Saved warehouse.csv
2024-01-10 18:25:43,708 INFO Saved sold.csv
2024-01-10 18:25:46,392 INFO User input string: load
2024-01-10 18:25:46,392 INFO User decision load
2024-01-10 18:25:46,393 INFO Loaded warehouse.csv
2024-01-10 18:25:46,393 INFO Loaded sold.csv
2024-01-10 18:25:47,753 INFO User input string: show
2024-01-10 18:25:47,753 INFO User decision show
2024-01-10 18:26:40,160 INFO Start program warehouse_manager.py
2024-01-10 18:26:40,162 INFO Loaded warehouse.csv
2024-01-10 18:26:40,162 INFO Loaded sold.csv
2024-01-10 18:26:42,095 INFO User input string: show
2024-01-10 18:26:42,095 INFO User decision show
2024-01-10 18:26:47,572 INFO User input string: add
2024-01-10 18:26:47,572 INFO User decision add
2024-01-10 18:26:51,020 INFO User input string: dragon
2024-01-10 18:26:53,263 INFO User input string: 29
2024-01-10 18:26:54,955 INFO User input string: kg
2024-01-10 18:26:57,447 INFO User input string: 8
2024-01-10 18:26:57,447 INFO New item to add: {'name': 'dragon', 'quantity': 29, 'unit': 'kg', 'unit_price': 8}
2024-01-10 18:26:57,448 INFO New item added
2024-01-10 18:26:59,801 INFO User input string: save
2024-01-10 18:26:59,801 INFO User decision save
2024-01-10 18:26:59,801 INFO Saved warehouse.csv
2024-01-10 18:26:59,802 INFO Saved sold.csv
2024-01-10 18:27:01,649 INFO User input string: load
2024-01-10 18:27:01,649 INFO User decision load
2024-01-10 18:27:01,649 INFO Loaded warehouse.csv
2024-01-10 18:27:01,650 INFO Loaded sold.csv
2024-01-10 18:27:03,896 INFO User input string: show
2024-01-10 18:27:03,896 INFO User decision show
2024-01-10 18:27:06,597 INFO User input string: exit
2024-01-10 18:27:06,597 INFO User decision exit
2024-01-10 18:27:06,597 INFO Exit program warehouse_manager.py
2024-01-10 18:27:06,598 INFO Saved warehouse.csv
2024-01-10 18:27:06,598 INFO Saved sold.csv
2024-01-10 18:27:08,627 INFO Start program warehouse_manager.py
2024-01-10 18:27:08,627 INFO Loaded warehouse.csv
2024-01-10 18:27:08,628 INFO Loaded sold.csv
2024-01-10 18:27:10,710 INFO User input string: show
2024-01-10 18:27:10,710 INFO User decision show
2024-01-10 18:27:14,321 INFO User input string: exit
2024-01-10 18:27:14,321 INFO User decision exit
2024-01-10 18:27:14,321 INFO Exit program warehouse_manager.py
2024-01-10 18:27:14,322 INFO Saved warehouse.csv
2024-01-10 18:27:14,322 INFO Saved sold.csv
